# JRE version: OpenJDK Runtime Environment Temurin-21.0.5+11 (21.0.5+11) (build 21.0.5+11-LTS)
# Java VM: OpenJDK 64-Bit Server VM Temurin-21.0.5+11 (21.0.5+11-LTS, mixed mode, sharing, tiered, compressed oops, compressed class ptrs, parallel gc, windows-amd64)
GC Precious Log:
 CardTable entry size: 512
 CPUs: 20 total, 20 available
 Memory: 7896M
 Large Page Support: Disabled
 NUMA Support: Disabled
 Compressed Oops: Enabled (32-bit)
 Alignments: Space 512K, Generation 512K, Heap 2M
 Heap Min Capacity: 100M
 Heap Initial Capacity: 100M
 Heap Max Capacity: 1G
 Pre-touch: Disabled
 Parallel Workers: 15
Heap:
 PSYoungGen      total 6144K, used 5694K [0x00000000eab00000, 0x00000000eb280000, 0x0000000100000000)
  eden space 4608K, 100% used [0x00000000eab00000,0x00000000eaf80000,0x00000000eaf80000)
  from space 1536K, 70% used [0x00000000eb100000,0x00000000eb20f918,0x00000000eb280000)
  to   space 1536K, 79% used [0x00000000eaf80000,0x00000000eb0b0f60,0x00000000eb100000)
 ParOldGen       total 153088K, used 152577K [0x00000000c0000000, 0x00000000c9580000, 0x00000000eab00000)
  object space 153088K, 99% used [0x00000000c0000000,0x00000000c9500618,0x00000000c9580000)
 Metaspace       used 57778K, committed 59136K, reserved 1114112K
  class space    used 5967K, committed 6592K, reserved 1048576K
GC Heap History (20 events):
Event: 16.911 GC heap before
{Heap before GC invocations=111 (full 2):
 PSYoungGen      total 6144K, used 5853K [0x00000000eab00000, 0x00000000eb280000, 0x0000000100000000)
  eden space 4608K, 100% used [0x00000000eab00000,0x00000000eaf80000,0x00000000eaf80000)
  from space 1536K, 81% used [0x00000000eb100000,0x00000000eb2374a8,0x00000000eb280000)
  to   space 1536K, 0% used [0x00000000eaf80000,0x00000000eaf80000,0x00000000eb100000)
 ParOldGen       total 142336K, used 141993K [0x00000000c0000000, 0x00000000c8b00000, 0x00000000eab00000)
  object space 142336K, 99% used [0x00000000c0000000,0x00000000c8aaa650,0x00000000c8b00000)
 Metaspace       used 56887K, committed 58112K, reserved 1114112K
  class space    used 5851K, committed 6400K, reserved 1048576K
}
Event: 16.932 GC heap after
{Heap after GC invocations=111 (full 2):
 PSYoungGen      total 6144K, used 1221K [0x00000000eab00000, 0x00000000eb280000, 0x0000000100000000)
  eden space 4608K, 0% used [0x00000000eab00000,0x00000000eab00000,0x00000000eaf80000)
  from space 1536K, 79% used [0x00000000eaf80000,0x00000000eb0b1410,0x00000000eb100000)
  to   space 1536K, 0% used [0x00000000eb100000,0x00000000eb100000,0x00000000eb280000)
 ParOldGen       total 143360K, used 143016K [0x00000000c0000000, 0x00000000c8c00000, 0x00000000eab00000)
  object space 143360K, 99% used [0x00000000c0000000,0x00000000c8baa168,0x00000000c8c00000)
 Metaspace       used 56887K, committed 58112K, reserved 1114112K
  class space    used 5851K, committed 6400K, reserved 1048576K
}
Event: 16.988 GC heap before
{Heap before GC invocations=112 (full 2):
 PSYoungGen      total 6144K, used 5805K [0x00000000eab00000, 0x00000000eb280000, 0x0000000100000000)
  eden space 4608K, 99% used [0x00000000eab00000,0x00000000eaf7a0e8,0x00000000eaf80000)
  from space 1536K, 79% used [0x00000000eaf80000,0x00000000eb0b1410,0x00000000eb100000)
  to   space 1536K, 0% used [0x00000000eb100000,0x00000000eb100000,0x00000000eb280000)
 ParOldGen       total 143360K, used 143016K [0x00000000c0000000, 0x00000000c8c00000, 0x00000000eab00000)
  object space 143360K, 99% used [0x00000000c0000000,0x00000000c8baa168,0x00000000c8c00000)
 Metaspace       used 57014K, committed 58240K, reserved 1114112K
  class space    used 5863K, committed 6400K, reserved 1048576K
}
Event: 16.992 GC heap after
{Heap after GC invocations=112 (full 2):
 PSYoungGen      total 6144K, used 1118K [0x00000000eab00000, 0x00000000eb280000, 0x0000000100000000)
  eden space 4608K, 0% used [0x00000000eab00000,0x00000000eab00000,0x00000000eaf80000)
  from space 1536K, 72% used [0x00000000eb100000,0x00000000eb217870,0x00000000eb280000)
  to   space 1536K, 0% used [0x00000000eaf80000,0x00000000eaf80000,0x00000000eb100000)
 ParOldGen       total 144384K, used 144036K [0x00000000c0000000, 0x00000000c8d00000, 0x00000000eab00000)
  object space 144384K, 99% used [0x00000000c0000000,0x00000000c8ca9350,0x00000000c8d00000)
 Metaspace       used 57014K, committed 58240K, reserved 1114112K
  class space    used 5863K, committed 6400K, reserved 1048576K
}
Event: 17.030 GC heap before
{Heap before GC invocations=113 (full 2):
 PSYoungGen      total 6144K, used 5726K [0x00000000eab00000, 0x00000000eb280000, 0x0000000100000000)
  eden space 4608K, 100% used [0x00000000eab00000,0x00000000eaf80000,0x00000000eaf80000)
  from space 1536K, 72% used [0x00000000eb100000,0x00000000eb217870,0x00000000eb280000)
  to   space 1536K, 0% used [0x00000000eaf80000,0x00000000eaf80000,0x00000000eb100000)
 ParOldGen       total 144384K, used 144036K [0x00000000c0000000, 0x00000000c8d00000, 0x00000000eab00000)
  object space 144384K, 99% used [0x00000000c0000000,0x00000000c8ca9350,0x00000000c8d00000)
 Metaspace       used 57056K, committed 58304K, reserved 1114112K
  class space    used 5869K, committed 6400K, reserved 1048576K
}
Event: 17.031 GC heap after
{Heap after GC invocations=113 (full 2):
 PSYoungGen      total 6144K, used 1185K [0x00000000eab00000, 0x00000000eb280000, 0x0000000100000000)
  eden space 4608K, 0% used [0x00000000eab00000,0x00000000eab00000,0x00000000eaf80000)
  from space 1536K, 77% used [0x00000000eaf80000,0x00000000eb0a8708,0x00000000eb100000)
  to   space 1536K, 0% used [0x00000000eb100000,0x00000000eb100000,0x00000000eb280000)
 ParOldGen       total 145408K, used 144917K [0x00000000c0000000, 0x00000000c8e00000, 0x00000000eab00000)
  object space 145408K, 99% used [0x00000000c0000000,0x00000000c8d854e0,0x00000000c8e00000)
 Metaspace       used 57056K, committed 58304K, reserved 1114112K
  class space    used 5869K, committed 6400K, reserved 1048576K
}
Event: 17.069 GC heap before
{Heap before GC invocations=114 (full 2):
 PSYoungGen      total 6144K, used 5793K [0x00000000eab00000, 0x00000000eb280000, 0x0000000100000000)
  eden space 4608K, 100% used [0x00000000eab00000,0x00000000eaf80000,0x00000000eaf80000)
  from space 1536K, 77% used [0x00000000eaf80000,0x00000000eb0a8708,0x00000000eb100000)
  to   space 1536K, 0% used [0x00000000eb100000,0x00000000eb100000,0x00000000eb280000)
 ParOldGen       total 145408K, used 144917K [0x00000000c0000000, 0x00000000c8e00000, 0x00000000eab00000)
  object space 145408K, 99% used [0x00000000c0000000,0x00000000c8d854e0,0x00000000c8e00000)
 Metaspace       used 57165K, committed 58368K, reserved 1114112K
  class space    used 5878K, committed 6400K, reserved 1048576K
}
Event: 17.072 GC heap after
{Heap after GC invocations=114 (full 2):
 PSYoungGen      total 6144K, used 1232K [0x00000000eab00000, 0x00000000eb280000, 0x0000000100000000)
  eden space 4608K, 0% used [0x00000000eab00000,0x00000000eab00000,0x00000000eaf80000)
  from space 1536K, 80% used [0x00000000eb100000,0x00000000eb234228,0x00000000eb280000)
  to   space 1536K, 0% used [0x00000000eaf80000,0x00000000eaf80000,0x00000000eb100000)
 ParOldGen       total 145920K, used 145909K [0x00000000c0000000, 0x00000000c8e80000, 0x00000000eab00000)
  object space 145920K, 99% used [0x00000000c0000000,0x00000000c8e7d4a0,0x00000000c8e80000)
 Metaspace       used 57165K, committed 58368K, reserved 1114112K
  class space    used 5878K, committed 6400K, reserved 1048576K
}
Event: 17.113 GC heap before
{Heap before GC invocations=115 (full 2):
 PSYoungGen      total 6144K, used 5840K [0x00000000eab00000, 0x00000000eb280000, 0x0000000100000000)
  eden space 4608K, 100% used [0x00000000eab00000,0x00000000eaf80000,0x00000000eaf80000)
  from space 1536K, 80% used [0x00000000eb100000,0x00000000eb234228,0x00000000eb280000)
  to   space 1536K, 0% used [0x00000000eaf80000,0x00000000eaf80000,0x00000000eb100000)
 ParOldGen       total 145920K, used 145909K [0x00000000c0000000, 0x00000000c8e80000, 0x00000000eab00000)
  object space 145920K, 99% used [0x00000000c0000000,0x00000000c8e7d4a0,0x00000000c8e80000)
 Metaspace       used 57222K, committed 58496K, reserved 1114112K
  class space    used 5886K, committed 6464K, reserved 1048576K
}
Event: 17.116 GC heap after
{Heap after GC invocations=115 (full 2):
 PSYoungGen      total 6144K, used 1239K [0x00000000eab00000, 0x00000000eb280000, 0x0000000100000000)
  eden space 4608K, 0% used [0x00000000eab00000,0x00000000eab00000,0x00000000eaf80000)
  from space 1536K, 80% used [0x00000000eaf80000,0x00000000eb0b5d68,0x00000000eb100000)
  to   space 1536K, 0% used [0x00000000eb100000,0x00000000eb100000,0x00000000eb280000)
 ParOldGen       total 146944K, used 146871K [0x00000000c0000000, 0x00000000c8f80000, 0x00000000eab00000)
  object space 146944K, 99% used [0x00000000c0000000,0x00000000c8f6dfe0,0x00000000c8f80000)
 Metaspace       used 57222K, committed 58496K, reserved 1114112K
  class space    used 5886K, committed 6464K, reserved 1048576K
}
Event: 17.156 GC heap before
{Heap before GC invocations=116 (full 2):
 PSYoungGen      total 6144K, used 5847K [0x00000000eab00000, 0x00000000eb280000, 0x0000000100000000)
  eden space 4608K, 100% used [0x00000000eab00000,0x00000000eaf80000,0x00000000eaf80000)
  from space 1536K, 80% used [0x00000000eaf80000,0x00000000eb0b5d68,0x00000000eb100000)
  to   space 1536K, 0% used [0x00000000eb100000,0x00000000eb100000,0x00000000eb280000)
 ParOldGen       total 146944K, used 146871K [0x00000000c0000000, 0x00000000c8f80000, 0x00000000eab00000)
  object space 146944K, 99% used [0x00000000c0000000,0x00000000c8f6dfe0,0x00000000c8f80000)
 Metaspace       used 57279K, committed 58560K, reserved 1114112K
  class space    used 5895K, committed 6464K, reserved 1048576K
}
Event: 17.158 GC heap after
{Heap after GC invocations=116 (full 2):
 PSYoungGen      total 6144K, used 1386K [0x00000000eab00000, 0x00000000eb280000, 0x0000000100000000)
  eden space 4608K, 0% used [0x00000000eab00000,0x00000000eab00000,0x00000000eaf80000)
  from space 1536K, 90% used [0x00000000eb100000,0x00000000eb25aa58,0x00000000eb280000)
  to   space 1536K, 0% used [0x00000000eaf80000,0x00000000eaf80000,0x00000000eb100000)
 ParOldGen       total 147968K, used 147851K [0x00000000c0000000, 0x00000000c9080000, 0x00000000eab00000)
  object space 147968K, 99% used [0x00000000c0000000,0x00000000c9062e88,0x00000000c9080000)
 Metaspace       used 57279K, committed 58560K, reserved 1114112K
  class space    used 5895K, committed 6464K, reserved 1048576K
}
Event: 17.187 GC heap before
{Heap before GC invocations=117 (full 2):
 PSYoungGen      total 6144K, used 5994K [0x00000000eab00000, 0x00000000eb280000, 0x0000000100000000)
  eden space 4608K, 100% used [0x00000000eab00000,0x00000000eaf80000,0x00000000eaf80000)
  from space 1536K, 90% used [0x00000000eb100000,0x00000000eb25aa58,0x00000000eb280000)
  to   space 1536K, 0% used [0x00000000eaf80000,0x00000000eaf80000,0x00000000eb100000)
 ParOldGen       total 147968K, used 147851K [0x00000000c0000000, 0x00000000c9080000, 0x00000000eab00000)
  object space 147968K, 99% used [0x00000000c0000000,0x00000000c9062e88,0x00000000c9080000)
 Metaspace       used 57441K, committed 58688K, reserved 1114112K
  class space    used 5922K, committed 6464K, reserved 1048576K
}
Event: 17.190 GC heap after
{Heap after GC invocations=117 (full 2):
 PSYoungGen      total 6144K, used 1024K [0x00000000eab00000, 0x00000000eb280000, 0x0000000100000000)
  eden space 4608K, 0% used [0x00000000eab00000,0x00000000eab00000,0x00000000eaf80000)
  from space 1536K, 66% used [0x00000000eaf80000,0x00000000eb080000,0x00000000eb100000)
  to   space 1536K, 0% used [0x00000000eb100000,0x00000000eb100000,0x00000000eb280000)
 ParOldGen       total 149504K, used 148999K [0x00000000c0000000, 0x00000000c9200000, 0x00000000eab00000)
  object space 149504K, 99% used [0x00000000c0000000,0x00000000c9181d50,0x00000000c9200000)
 Metaspace       used 57441K, committed 58688K, reserved 1114112K
  class space    used 5922K, committed 6464K, reserved 1048576K
}
Event: 17.234 GC heap before
{Heap before GC invocations=118 (full 2):
 PSYoungGen      total 6144K, used 5632K [0x00000000eab00000, 0x00000000eb280000, 0x0000000100000000)
  eden space 4608K, 100% used [0x00000000eab00000,0x00000000eaf80000,0x00000000eaf80000)
  from space 1536K, 66% used [0x00000000eaf80000,0x00000000eb080000,0x00000000eb100000)
  to   space 1536K, 0% used [0x00000000eb100000,0x00000000eb100000,0x00000000eb280000)
 ParOldGen       total 149504K, used 148999K [0x00000000c0000000, 0x00000000c9200000, 0x00000000eab00000)
  object space 149504K, 99% used [0x00000000c0000000,0x00000000c9181d50,0x00000000c9200000)
 Metaspace       used 57529K, committed 58816K, reserved 1114112K
  class space    used 5933K, committed 6464K, reserved 1048576K
}
Event: 17.236 GC heap after
{Heap after GC invocations=118 (full 2):
 PSYoungGen      total 6144K, used 1056K [0x00000000eab00000, 0x00000000eb280000, 0x0000000100000000)
  eden space 4608K, 0% used [0x00000000eab00000,0x00000000eab00000,0x00000000eaf80000)
  from space 1536K, 68% used [0x00000000eb100000,0x00000000eb208000,0x00000000eb280000)
  to   space 1536K, 0% used [0x00000000eaf80000,0x00000000eaf80000,0x00000000eb100000)
 ParOldGen       total 150016K, used 149837K [0x00000000c0000000, 0x00000000c9280000, 0x00000000eab00000)
  object space 150016K, 99% used [0x00000000c0000000,0x00000000c92535a8,0x00000000c9280000)
 Metaspace       used 57529K, committed 58816K, reserved 1114112K
  class space    used 5933K, committed 6464K, reserved 1048576K
}
Event: 17.312 GC heap before
{Heap before GC invocations=119 (full 2):
 PSYoungGen      total 6144K, used 5664K [0x00000000eab00000, 0x00000000eb280000, 0x0000000100000000)
  eden space 4608K, 100% used [0x00000000eab00000,0x00000000eaf80000,0x00000000eaf80000)
  from space 1536K, 68% used [0x00000000eb100000,0x00000000eb208000,0x00000000eb280000)
  to   space 1536K, 0% used [0x00000000eaf80000,0x00000000eaf80000,0x00000000eb100000)
 ParOldGen       total 150016K, used 149837K [0x00000000c0000000, 0x00000000c9280000, 0x00000000eab00000)
  object space 150016K, 99% used [0x00000000c0000000,0x00000000c92535a8,0x00000000c9280000)
 Metaspace       used 57698K, committed 59072K, reserved 1114112K
  class space    used 5961K, committed 6592K, reserved 1048576K
}
Event: 17.327 GC heap after
{Heap after GC invocations=119 (full 2):
 PSYoungGen      total 6144K, used 1204K [0x00000000eab00000, 0x00000000eb280000, 0x0000000100000000)
  eden space 4608K, 0% used [0x00000000eab00000,0x00000000eab00000,0x00000000eaf80000)
  from space 1536K, 78% used [0x00000000eaf80000,0x00000000eb0ad0a8,0x00000000eb100000)
  to   space 1536K, 0% used [0x00000000eb100000,0x00000000eb100000,0x00000000eb280000)
 ParOldGen       total 151040K, used 150774K [0x00000000c0000000, 0x00000000c9380000, 0x00000000eab00000)
  object space 151040K, 99% used [0x00000000c0000000,0x00000000c933dba0,0x00000000c9380000)
 Metaspace       used 57698K, committed 59072K, reserved 1114112K
  class space    used 5961K, committed 6592K, reserved 1048576K
}
Event: 17.354 GC heap before
{Heap before GC invocations=120 (full 2):
 PSYoungGen      total 6144K, used 5812K [0x00000000eab00000, 0x00000000eb280000, 0x0000000100000000)
  eden space 4608K, 100% used [0x00000000eab00000,0x00000000eaf80000,0x00000000eaf80000)
  from space 1536K, 78% used [0x00000000eaf80000,0x00000000eb0ad0a8,0x00000000eb100000)
  to   space 1536K, 0% used [0x00000000eb100000,0x00000000eb100000,0x00000000eb280000)
 ParOldGen       total 151040K, used 150774K [0x00000000c0000000, 0x00000000c9380000, 0x00000000eab00000)
  object space 151040K, 99% used [0x00000000c0000000,0x00000000c933dba0,0x00000000c9380000)
 Metaspace       used 57721K, committed 59136K, reserved 1114112K
  class space    used 5962K, committed 6592K, reserved 1048576K
}
Event: 17.358 GC heap after
{Heap after GC invocations=120 (full 2):
 PSYoungGen      total 6144K, used 1086K [0x00000000eab00000, 0x00000000eb280000, 0x0000000100000000)
  eden space 4608K, 0% used [0x00000000eab00000,0x00000000eab00000,0x00000000eaf80000)
  from space 1536K, 70% used [0x00000000eb100000,0x00000000eb20f918,0x00000000eb280000)
  to   space 1536K, 0% used [0x00000000eaf80000,0x00000000eaf80000,0x00000000eb100000)
 ParOldGen       total 152064K, used 151789K [0x00000000c0000000, 0x00000000c9480000, 0x00000000eab00000)
  object space 152064K, 99% used [0x00000000c0000000,0x00000000c943b450,0x00000000c9480000)
 Metaspace       used 57721K, committed 59136K, reserved 1114112K
  class space    used 5962K, committed 6592K, reserved 1048576K
}

